<?xml version="1.0" encoding="UTF-8"?>
<testsuite name="helloworld.AppTest" tests="1" skipped="0" failures="0" errors="0" timestamp="2025-03-12T05:04:13" hostname="jeongjeong-in-ui-MacBookAir.local" time="0.297">
  <properties/>
  <testcase name="successfulResponse" classname="helloworld.AppTest" time="0.297"/>
  <system-out><![CDATA[응답 상태 코드: 200
응답 본문: [{"id": "jeongin", "username": "정인"},{"id": "seohee", "username": "서희"}]
]]></system-out>
  <system-err><![CDATA[]]></system-err>
</testsuite>
