<?xml version="1.0" encoding="UTF-8"?>
<testsuite name="helloworld.AppTest" tests="1" skipped="0" failures="0" errors="0" timestamp="2025-03-11T14:54:43" hostname="jeongjeong-in-ui-MacBookAir.local" time="0.516">
  <properties/>
  <testcase name="successfulResponse" classname="helloworld.AppTest" time="0.516"/>
  <system-out><![CDATA[]]></system-out>
  <system-err><![CDATA[]]></system-err>
</testsuite>
