<?xml version="1.0" encoding="UTF-8"?>
<testsuite name="helloworld.AppTest" tests="1" skipped="0" failures="0" errors="0" timestamp="2025-03-14T10:40:19" hostname="jeongjeong-in-ui-MacBookAir.local" time="0.489">
  <properties/>
  <testcase name="testHandleRequest" classname="helloworld.AppTest" time="0.489"/>
  <system-out><![CDATA[handleRequest 응답: {"id":"JeongIn","name":"Eddy","message":"nice to meet U.","now":1741948819837}
]]></system-out>
  <system-err><![CDATA[]]></system-err>
</testsuite>
